[debug] [2018-04-18T20:53:31.836Z] ----------------------------------------------------------------------
[debug] [2018-04-18T20:53:31.838Z] Command:       /usr/local/bin/node /usr/local/bin/firebase deploy
[debug] [2018-04-18T20:53:31.839Z] CLI Version:   3.18.4
[debug] [2018-04-18T20:53:31.839Z] Platform:      darwin
[debug] [2018-04-18T20:53:31.839Z] Node Version:  v6.11.2
[debug] [2018-04-18T20:53:31.840Z] Time:          Wed Apr 18 2018 13:53:31 GMT-0700 (PDT)
[debug] [2018-04-18T20:53:31.840Z] ----------------------------------------------------------------------
[debug] 
[debug] [2018-04-18T20:53:31.852Z] > command requires scopes: ["email","openid","https://www.googleapis.com/auth/cloudplatformprojects.readonly","https://www.googleapis.com/auth/firebase","https://www.googleapis.com/auth/cloud-platform"]
[debug] [2018-04-18T20:53:31.852Z] > authorizing via signed-in user
[debug] [2018-04-18T20:53:31.855Z] >>> HTTP REQUEST GET https://admin.firebase.com/v1/projects/chef-hannah  
  
 Wed Apr 18 2018 13:53:31 GMT-0700 (PDT)
[debug] [2018-04-18T20:53:32.318Z] <<< HTTP RESPONSE 200
[debug] [2018-04-18T20:53:32.320Z] >>> HTTP REQUEST GET https://admin.firebase.com/v1/database/chef-hannah/tokens  
  
 Wed Apr 18 2018 13:53:32 GMT-0700 (PDT)
[debug] [2018-04-18T20:53:32.690Z] <<< HTTP RESPONSE 200
[info] 
[info] === Deploying to 'chef-hannah'...
[info] 
[info] i  deploying hosting
[info] i  hosting: preparing public directory for upload...
[debug] [2018-04-18T20:53:35.224Z] >>> HTTP REQUEST PUT https://deploy.firebase.com/v1/hosting/chef-hannah/uploads/-LAPX9oJWstBT0b38XEL?fileCount=19&message=  
  
 Wed Apr 18 2018 13:53:35 GMT-0700 (PDT)
[debug] [2018-04-18T20:53:43.885Z] <<< HTTP RESPONSE 200
[debug] [2018-04-18T20:53:43.885Z] [hosting] .tgz uploaded successfully, waiting for extraction
